<?xml version="1.0" encoding="UTF-8"?>
<!-- Generated by org.testng.reporters.JUnitXMLReporter -->
<testsuite ignored="0" hostname="Farukh" failures="0" tests="6" name="Default test" time="4.571" errors="0" timestamp="2025-02-05T15:54:03 EST">
  <testcase classname="api.test.DDTest" name="testPostUser" time="2.142"/>
  <testcase classname="api.test.DDTest" name="testPostUser" time="0.235"/>
  <testcase classname="api.test.DDTest" name="testPostUser" time="0.206"/>
  <testcase classname="api.test.DDTest" name="testDeleteUserByName" time="0.194"/>
  <testcase classname="api.test.DDTest" name="testDeleteUserByName" time="0.14"/>
  <testcase classname="api.test.DDTest" name="testDeleteUserByName" time="0.193"/>
</testsuite> <!-- Default test -->
