<?xml version="1.0" encoding="UTF-8"?>
<!-- Generated by org.testng.reporters.JUnitXMLReporter -->
<testsuite ignored="0" hostname="Farukh" failures="0" tests="10" name="Test" time="5.854" errors="0" timestamp="2025-02-07T16:22:20 EST">
  <testcase classname="api.test.UserTests" name="testCreateUser" time="2.206"/>
  <testcase classname="api.test.UserTests" name="testGetUserByName" time="0.252"/>
  <testcase classname="api.test.UserTests" name="testUpdateUser" time="0.306"/>
  <testcase classname="api.test.UserTests" name="testDeleteUserByName" time="0.214"/>
  <testcase classname="api.test.DDTest" name="testPostUser" time="0.165"/>
  <testcase classname="api.test.DDTest" name="testPostUser" time="0.151"/>
  <testcase classname="api.test.DDTest" name="testPostUser" time="0.204"/>
  <testcase classname="api.test.DDTest" name="testDeleteUserByName" time="0.214"/>
  <testcase classname="api.test.DDTest" name="testDeleteUserByName" time="0.144"/>
  <testcase classname="api.test.DDTest" name="testDeleteUserByName" time="0.156"/>
</testsuite> <!-- Test -->
