<?xml version="1.0" encoding="UTF-8"?>
<testsuite xmlns:xsi="http://www.w3.org/2001/XMLSchema-instance" xsi:noNamespaceSchemaLocation="https://maven.apache.org/surefire/maven-surefire-plugin/xsd/surefire-test-report.xsd" version="3.0.2" name="TestSuite" time="15.474" tests="10" errors="0" skipped="0" failures="0">
  <properties>
[...]
</properties>
  <testcase name="testCreateUser" classname="api.test.UserTests" time="2.21">
    <system-out><![CDATA[HTTP/1.1 200 OK
Date: Fri, 07 Feb 2025 21:22:16 GMT
Content-Type: application/json
Transfer-Encoding: chunked
Connection: keep-alive
Access-Control-Allow-Origin: *
Access-Control-Allow-Methods: GET, POST, DELETE, PUT
Access-Control-Allow-Headers: Content-Type, api_key, Authorization
Server: Jetty(9.2.9.v20150224)

{
    "code": 200,
    "type": "unknown",
    "message": "651235118"
}
]]></system-out>
    <system-err><![CDATA[SLF4J: Failed to load class "org.slf4j.impl.StaticLoggerBinder".
SLF4J: Defaulting to no-operation (NOP) logger implementation
SLF4J: See http://www.slf4j.org/codes.html#StaticLoggerBinder for further details.
]]></system-err>
  </testcase>
  <testcase name="testGetUserByName" classname="api.test.UserTests" time="0.278">
    <system-out><![CDATA[HTTP/1.1 200 OK
Date: Fri, 07 Feb 2025 21:22:16 GMT
Content-Type: application/json
Transfer-Encoding: chunked
Connection: keep-alive
Access-Control-Allow-Origin: *
Access-Control-Allow-Methods: GET, POST, DELETE, PUT
Access-Control-Allow-Headers: Content-Type, api_key, Authorization
Server: Jetty(9.2.9.v20150224)

{
    "id": 651235118,
    "username": "pok.renner",
    "firstName": "Kory",
    "lastName": "Orn",
    "email": "dominic.baumbach@example.com",
    "password": "yw8eb1a",
    "phone": "034-647-8342",
    "userStatus": 0
}
]]></system-out>
  </testcase>
  <testcase name="testUpdateUser" classname="api.test.UserTests" time="0.28">
    <system-out><![CDATA[HTTP/1.1 200 OK
Date: Fri, 07 Feb 2025 21:22:16 GMT
Content-Type: application/json
Transfer-Encoding: chunked
Connection: keep-alive
Access-Control-Allow-Origin: *
Access-Control-Allow-Methods: GET, POST, DELETE, PUT
Access-Control-Allow-Headers: Content-Type, api_key, Authorization
Server: Jetty(9.2.9.v20150224)

{
    "code": 200,
    "type": "unknown",
    "message": "651235118"
}
]]></system-out>
  </testcase>
  <testcase name="testDeleteUserByName" classname="api.test.UserTests" time="0.214"/>
  <testcase name="testPostUser[1910, testuser1, John, Canedy, a@gmail.com, test@1, 1234567897](1)" classname="api.test.DDTest" time="0.165"/>
  <testcase name="testPostUser[1911, testuser2, Kim, Kom, b@gmail.com, test@2, 1234567897](2)" classname="api.test.DDTest" time="0.151"/>
  <testcase name="testPostUser[1912, testuser3, Smith, Steve, c@gmail.com, test@3, 1234567897](3)" classname="api.test.DDTest" time="0.205"/>
  <testcase name="testDeleteUserByName[testuser1](1)" classname="api.test.DDTest" time="0.216"/>
  <testcase name="testDeleteUserByName[testuser2](2)" classname="api.test.DDTest" time="0.145"/>
  <testcase name="testDeleteUserByName[testuser3](3)" classname="api.test.DDTest" time="0.155"/>
</testsuite>