<?xml version="1.0" encoding="UTF-8"?>
<testng-results ignored="0" total="10" passed="10" failed="0" skipped="0">
  <reporter-output>
  </reporter-output>
  <suite started-at="2025-02-07T16:22:14 EST" name="Suite" finished-at="2025-02-07T16:22:20 EST" duration-ms="5854">
    <groups>
    </groups>
    <test started-at="2025-02-07T16:22:14 EST" name="Test" finished-at="2025-02-07T16:22:20 EST" duration-ms="5854">
      <class name="api.test.DDTest">
        <test-method signature="testPostUser(java.lang.String,java.lang.String,java.lang.String,java.lang.String,java.lang.String,java.lang.String,java.lang.String)[pri:1, instance:api.test.DDTest@3591009c]" started-at="2025-02-07T16:22:19 EST" name="testPostUser" data-provider="Data" finished-at="2025-02-07T16:22:19 EST" duration-ms="165" status="PASS">
          <params>
            <param index="0">
              <value>
                <![CDATA[1910]]>
              </value>
            </param>
            <param index="1">
              <value>
                <![CDATA[testuser1]]>
              </value>
            </param>
            <param index="2">
              <value>
                <![CDATA[John]]>
              </value>
            </param>
            <param index="3">
              <value>
                <![CDATA[Canedy]]>
              </value>
            </param>
            <param index="4">
              <value>
                <![CDATA[a@gmail.com]]>
              </value>
            </param>
            <param index="5">
              <value>
                <![CDATA[test@1]]>
              </value>
            </param>
            <param index="6">
              <value>
                <![CDATA[1234567897]]>
              </value>
            </param>
          </params>
          <reporter-output>
          </reporter-output>
        </test-method> <!-- testPostUser -->
        <test-method signature="testPostUser(java.lang.String,java.lang.String,java.lang.String,java.lang.String,java.lang.String,java.lang.String,java.lang.String)[pri:1, instance:api.test.DDTest@3591009c]" started-at="2025-02-07T16:22:19 EST" name="testPostUser" data-provider="Data" finished-at="2025-02-07T16:22:19 EST" duration-ms="151" status="PASS">
          <params>
            <param index="0">
              <value>
                <![CDATA[1911]]>
              </value>
            </param>
            <param index="1">
              <value>
                <![CDATA[testuser2]]>
              </value>
            </param>
            <param index="2">
              <value>
                <![CDATA[Kim]]>
              </value>
            </param>
            <param index="3">
              <value>
                <![CDATA[Kom]]>
              </value>
            </param>
            <param index="4">
              <value>
                <![CDATA[b@gmail.com]]>
              </value>
            </param>
            <param index="5">
              <value>
                <![CDATA[test@2]]>
              </value>
            </param>
            <param index="6">
              <value>
                <![CDATA[1234567897]]>
              </value>
            </param>
          </params>
          <reporter-output>
          </reporter-output>
        </test-method> <!-- testPostUser -->
        <test-method signature="testPostUser(java.lang.String,java.lang.String,java.lang.String,java.lang.String,java.lang.String,java.lang.String,java.lang.String)[pri:1, instance:api.test.DDTest@3591009c]" started-at="2025-02-07T16:22:19 EST" name="testPostUser" data-provider="Data" finished-at="2025-02-07T16:22:19 EST" duration-ms="204" status="PASS">
          <params>
            <param index="0">
              <value>
                <![CDATA[1912]]>
              </value>
            </param>
            <param index="1">
              <value>
                <![CDATA[testuser3]]>
              </value>
            </param>
            <param index="2">
              <value>
                <![CDATA[Smith]]>
              </value>
            </param>
            <param index="3">
              <value>
                <![CDATA[Steve]]>
              </value>
            </param>
            <param index="4">
              <value>
                <![CDATA[c@gmail.com]]>
              </value>
            </param>
            <param index="5">
              <value>
                <![CDATA[test@3]]>
              </value>
            </param>
            <param index="6">
              <value>
                <![CDATA[1234567897]]>
              </value>
            </param>
          </params>
          <reporter-output>
          </reporter-output>
        </test-method> <!-- testPostUser -->
        <test-method signature="testDeleteUserByName(java.lang.String)[pri:2, instance:api.test.DDTest@3591009c]" started-at="2025-02-07T16:22:20 EST" name="testDeleteUserByName" data-provider="UserNames" finished-at="2025-02-07T16:22:20 EST" duration-ms="214" status="PASS">
          <params>
            <param index="0">
              <value>
                <![CDATA[testuser1]]>
              </value>
            </param>
          </params>
          <reporter-output>
          </reporter-output>
        </test-method> <!-- testDeleteUserByName -->
        <test-method signature="testDeleteUserByName(java.lang.String)[pri:2, instance:api.test.DDTest@3591009c]" started-at="2025-02-07T16:22:20 EST" name="testDeleteUserByName" data-provider="UserNames" finished-at="2025-02-07T16:22:20 EST" duration-ms="144" status="PASS">
          <params>
            <param index="0">
              <value>
                <![CDATA[testuser2]]>
              </value>
            </param>
          </params>
          <reporter-output>
          </reporter-output>
        </test-method> <!-- testDeleteUserByName -->
        <test-method signature="testDeleteUserByName(java.lang.String)[pri:2, instance:api.test.DDTest@3591009c]" started-at="2025-02-07T16:22:20 EST" name="testDeleteUserByName" data-provider="UserNames" finished-at="2025-02-07T16:22:20 EST" duration-ms="156" status="PASS">
          <params>
            <param index="0">
              <value>
                <![CDATA[testuser3]]>
              </value>
            </param>
          </params>
          <reporter-output>
          </reporter-output>
        </test-method> <!-- testDeleteUserByName -->
      </class> <!-- api.test.DDTest -->
      <class name="api.test.UserTests">
        <test-method is-config="true" signature="setUp()[pri:0, instance:api.test.UserTests@64c2b546]" started-at="2025-02-07T16:22:14 EST" name="setUp" finished-at="2025-02-07T16:22:15 EST" duration-ms="742" status="PASS">
          <reporter-output>
          </reporter-output>
        </test-method> <!-- setUp -->
        <test-method signature="testCreateUser()[pri:1, instance:api.test.UserTests@64c2b546]" started-at="2025-02-07T16:22:15 EST" name="testCreateUser" finished-at="2025-02-07T16:22:17 EST" duration-ms="2206" status="PASS">
          <reporter-output>
          </reporter-output>
        </test-method> <!-- testCreateUser -->
        <test-method signature="testGetUserByName()[pri:2, instance:api.test.UserTests@64c2b546]" started-at="2025-02-07T16:22:17 EST" name="testGetUserByName" finished-at="2025-02-07T16:22:17 EST" duration-ms="252" status="PASS">
          <reporter-output>
          </reporter-output>
        </test-method> <!-- testGetUserByName -->
        <test-method signature="testUpdateUser()[pri:3, instance:api.test.UserTests@64c2b546]" started-at="2025-02-07T16:22:17 EST" name="testUpdateUser" finished-at="2025-02-07T16:22:18 EST" duration-ms="306" status="PASS">
          <reporter-output>
          </reporter-output>
        </test-method> <!-- testUpdateUser -->
        <test-method signature="testDeleteUserByName()[pri:4, instance:api.test.UserTests@64c2b546]" started-at="2025-02-07T16:22:18 EST" name="testDeleteUserByName" finished-at="2025-02-07T16:22:18 EST" duration-ms="214" status="PASS">
          <reporter-output>
          </reporter-output>
        </test-method> <!-- testDeleteUserByName -->
      </class> <!-- api.test.UserTests -->
    </test> <!-- Test -->
  </suite> <!-- Suite -->
</testng-results>
