<?xml version="1.0" encoding="UTF-8"?>
<testng-results ignored="0" total="4" passed="4" failed="0" skipped="0">
  <reporter-output>
  </reporter-output>
  <suite started-at="2025-02-07T11:55:10 EST" name="Suite" finished-at="2025-02-07T11:55:13 EST" duration-ms="2920">
    <groups>
    </groups>
    <test started-at="2025-02-07T11:55:10 EST" name="Test" finished-at="2025-02-07T11:55:13 EST" duration-ms="2920">
      <class name="api.test.UserTests2">
        <test-method is-config="true" signature="setUp()[pri:0, instance:api.test.UserTests2@74f7d1d2]" started-at="2025-02-07T11:55:10 EST" name="setUp" finished-at="2025-02-07T11:55:10 EST" duration-ms="502" status="PASS">
          <reporter-output>
          </reporter-output>
        </test-method> <!-- setUp -->
        <test-method signature="testCreateUser()[pri:1, instance:api.test.UserTests2@74f7d1d2]" started-at="2025-02-07T11:55:10 EST" name="testCreateUser" finished-at="2025-02-07T11:55:12 EST" duration-ms="1732" status="PASS">
          <reporter-output>
          </reporter-output>
        </test-method> <!-- testCreateUser -->
        <test-method signature="testGetUserByName()[pri:2, instance:api.test.UserTests2@74f7d1d2]" started-at="2025-02-07T11:55:12 EST" name="testGetUserByName" finished-at="2025-02-07T11:55:12 EST" duration-ms="218" status="PASS">
          <reporter-output>
          </reporter-output>
        </test-method> <!-- testGetUserByName -->
        <test-method signature="testUpdateUser()[pri:3, instance:api.test.UserTests2@74f7d1d2]" started-at="2025-02-07T11:55:12 EST" name="testUpdateUser" finished-at="2025-02-07T11:55:13 EST" duration-ms="288" status="PASS">
          <reporter-output>
          </reporter-output>
        </test-method> <!-- testUpdateUser -->
        <test-method signature="testDeleteUserByName()[pri:4, instance:api.test.UserTests2@74f7d1d2]" started-at="2025-02-07T11:55:13 EST" name="testDeleteUserByName" finished-at="2025-02-07T11:55:13 EST" duration-ms="152" status="PASS">
          <reporter-output>
          </reporter-output>
        </test-method> <!-- testDeleteUserByName -->
      </class> <!-- api.test.UserTests2 -->
    </test> <!-- Test -->
  </suite> <!-- Suite -->
</testng-results>
